#
# A fatal error has been detected by the Java Runtime Environment:
#
#  SIGSEGV (0xb) at pc=0x00007fff8c8db1e3, pid=12589, tid=6915
#
# JRE version: Java(TM) SE Runtime Environment (8.0-b132) (build 1.8.0-b132)
# Java VM: Java HotSpot(TM) 64-Bit Server VM (25.0-b70 mixed mode bsd-amd64 compressed oops)
# Problematic frame:
# C  [GLEngine+0x1401e3]  gleRunVertexSubmitImmediate+0x27e3
#
# Failed to write core dump. Core dumps have been disabled. To enable core dumping, try "ulimit -c unlimited" before starting Java again
#
# If you would like to submit a bug report, please visit:
#   http://bugreport.sun.com/bugreport/crash.jsp
# The crash happened outside the Java Virtual Machine in native code.
# See problematic frame for where to report the bug.
#

---------------  T H R E A D  ---------------

Current thread (0x00007f91ec801000):  JavaThread "main" [_thread_in_native, id=6915, stack(0x00000001066ed000,0x00000001067ed000)]

siginfo:si_signo=SIGSEGV: si_errno=0, si_code=1 (SEGV_MAPERR), si_addr=0x0000000000000000

Registers:
RAX=0x00007fff8c8daeaf, RBX=0x0000000000000006, RCX=0x0000000000000000, RDX=0x00007fff8c8db6b8
RSP=0x00000001067ec3e0, RBP=0x00000001067ec630, RSI=0x0000000000000006, RDI=0x0000000000000027
R8 =0x0000000001801800, R9 =0x00007f91ed800000, R10=0x00007f91ebdd1b10, R11=0x00007f91ed800000
R12=0x0000000000000004, R13=0x0000000001801800, R14=0x00007f91ed800000, R15=0x0000000000000000
RIP=0x00007fff8c8db1e3, EFLAGS=0x0000000000010206, ERR=0x0000000000000004
  TRAPNO=0x000000000000000e

Top of Stack: (sp=0x00000001067ec3e0)
0x00000001067ec3e0:   0000000000000c18 ffffffffffff0000
0x00000001067ec3f0:   00000001067ec450 00001234402885c7
0x00000001067ec400:   00000000000000cf 0000000000000000
0x00000001067ec410:   0000000000000000 0000000000000000
0x00000001067ec420:   870097a1dc2fab94 0000000000000000
0x00000001067ec430:   00007f91ec18e048 000000011f383000
0x00000001067ec440:   0000000000000001 0000000000000004
0x00000001067ec450:   0280000000000000 0000000000000010
0x00000001067ec460:   00000001067ec550 00001234402fe712
0x00000001067ec470:   0000000000000000 000000011f383000
0x00000001067ec480:   000000050000003f 000000011f314000
0x00000001067ec490:   00007f91ec1a8000 00007f91ed01dc68
0x00000001067ec4a0:   870097a1dc2fab94 0000000000080080
0x00000001067ec4b0:   00007f91ed800150 00007f91ed800180
0x00000001067ec4c0:   00007f91ed800160 00007f91ed800190
0x00000001067ec4d0:   00007f91ed800170 00007f91ed8001b0
0x00000001067ec4e0:   0000000000000000 0000000000000000
0x00000001067ec4f0:   fffffffe00000001 000000011f383000
0x00000001067ec500:   0000000000003003 0000000000000001
0x00000001067ec510:   ffffffff067ec600 0000000000000001
0x00000001067ec520:   00007f91ed8001a0 000000011f314000
0x00000001067ec530:   0000000000000000 00007fff8fb924a9
0x00000001067ec540:   0000003400000000 00000001067ec5e4
0x00000001067ec550:   0000000006006000 0000000000000000
0x00000001067ec560:   00000001067ec5dc 00007f91ebdd1a94
0x00000001067ec570:   00000000000956d0 00000100ed80d458
0x00000001067ec580:   0000000000000000 0000000000000000
0x00000001067ec590:   0000000000000000 0000000000000000
0x00000001067ec5a0:   0000000000000000 0000000000000018
0x00000001067ec5b0:   00007f91ebdd1a78 0000000000000000
0x00000001067ec5c0:   0000000000000000 000000011f6c63a0
0x00000001067ec5d0:   000000011f6c6520 00007f91ebdc7650 

Instructions: (pc=0x00007fff8c8db1e3)
0x00007fff8c8db1c3:   10 da 0f 14 c1 0f 16 c3 66 49 0f 7e c6 66 0f 6d
0x00007fff8c8db1d3:   c0 66 49 0f 7e c7 bb 05 00 00 00 e9 bd 02 00 00
0x00007fff8c8db1e3:   4c 8b 31 4c 8b 79 08 e9 2c f9 ff ff f3 0f 10 49
0x00007fff8c8db1f3:   08 f2 0f 10 01 66 0f 14 c1 66 49 0f 7e c6 66 0f 

Register to memory mapping:

RAX=0x00007fff8c8daeaf: gleRunVertexSubmitImmediate+0x24af in /System/Library/Frameworks/OpenGL.framework/Versions/A/Resources/GLEngine.bundle/GLEngine at 0x00007fff8c79b000
RBX=0x0000000000000006 is an unknown value
RCX=0x0000000000000000 is an unknown value
RDX=0x00007fff8c8db6b8: gleRunVertexSubmitImmediate+0x2cb8 in /System/Library/Frameworks/OpenGL.framework/Versions/A/Resources/GLEngine.bundle/GLEngine at 0x00007fff8c79b000
RSP=0x00000001067ec3e0 is pointing into the stack for thread: 0x00007f91ec801000
RBP=0x00000001067ec630 is pointing into the stack for thread: 0x00007f91ec801000
RSI=0x0000000000000006 is an unknown value
RDI=0x0000000000000027 is an unknown value
R8 =0x0000000001801800 is an unknown value
R9 =0x00007f91ed800000 is an unknown value
R10=0x00007f91ebdd1b10 is an unknown value
R11=0x00007f91ed800000 is an unknown value
R12=0x0000000000000004 is an unknown value
R13=0x0000000001801800 is an unknown value
R14=0x00007f91ed800000 is an unknown value
R15=0x0000000000000000 is an unknown value


Stack: [0x00000001066ed000,0x00000001067ed000],  sp=0x00000001067ec3e0,  free space=1020k
Native frames: (J=compiled Java code, j=interpreted, Vv=VM code, C=native code)
C  [GLEngine+0x1401e3]  gleRunVertexSubmitImmediate+0x27e3
C  [GLEngine+0x27787]  glDrawElements_Exec+0x2a1
j  org.lwjgl.opengl.GL11.nglDrawElements(IIIJJ)V+0
j  org.lwjgl.opengl.GL11.glDrawElements(ILjava/nio/IntBuffer;)V+34
j  pkgfloat.BddapGraphics.placeInWorld(Lpkgfloat/Cube;)V+23
j  pkgfloat.Float.mainLoop()V+178
j  pkgfloat.Float.main([Ljava/lang/String;)V+3
v  ~StubRoutines::call_stub
V  [libjvm.dylib+0x2c54fa]  JavaCalls::call_helper(JavaValue*, methodHandle*, JavaCallArguments*, Thread*)+0x6ae
V  [libjvm.dylib+0x2f9fbe]  jni_invoke_static(JNIEnv_*, JavaValue*, _jobject*, JNICallType, _jmethodID*, JNI_ArgumentPusher*, Thread*)+0x1bf
V  [libjvm.dylib+0x2f3207]  jni_CallStaticVoidMethod+0x15d
C  [java+0x2c99]  JavaMain+0x998
C  [libsystem_pthread.dylib+0x1899]  _pthread_body+0x8a
C  [libsystem_pthread.dylib+0x172a]  _pthread_struct_init+0x0
C  [libsystem_pthread.dylib+0x5fc9]  thread_start+0xd

Java frames: (J=compiled Java code, j=interpreted, Vv=VM code)
j  org.lwjgl.opengl.GL11.nglDrawElements(IIIJJ)V+0
j  org.lwjgl.opengl.GL11.glDrawElements(ILjava/nio/IntBuffer;)V+34
j  pkgfloat.BddapGraphics.placeInWorld(Lpkgfloat/Cube;)V+23
j  pkgfloat.Float.mainLoop()V+178
j  pkgfloat.Float.main([Ljava/lang/String;)V+3
v  ~StubRoutines::call_stub

---------------  P R O C E S S  ---------------

Java Threads: ( => current thread )
  0x00007f91ec95f800 JavaThread "AWT-Shutdown" [_thread_blocked, id=27147, stack(0x000000011bb61000,0x000000011bc61000)]
  0x00007f91ec914000 JavaThread "AppKit Thread" daemon [_thread_in_native, id=3335, stack(0x00007fff58e28000,0x00007fff59628000)]
  0x00007f91ec044000 JavaThread "Service Thread" daemon [_thread_blocked, id=18435, stack(0x0000000119f6b000,0x000000011a06b000)]
  0x00007f91ec865800 JavaThread "C1 CompilerThread1" daemon [_thread_blocked, id=17923, stack(0x0000000119e68000,0x0000000119f68000)]
  0x00007f91ec043000 JavaThread "C2 CompilerThread0" daemon [_thread_blocked, id=17411, stack(0x0000000119d65000,0x0000000119e65000)]
  0x00007f91ec864000 JavaThread "Signal Dispatcher" daemon [_thread_blocked, id=16899, stack(0x0000000119c62000,0x0000000119d62000)]
  0x00007f91ec80b000 JavaThread "Finalizer" daemon [_thread_blocked, id=12035, stack(0x0000000119a11000,0x0000000119b11000)]
  0x00007f91ec03a800 JavaThread "Reference Handler" daemon [_thread_blocked, id=11523, stack(0x000000011990e000,0x0000000119a0e000)]
=>0x00007f91ec801000 JavaThread "main" [_thread_in_native, id=6915, stack(0x00000001066ed000,0x00000001067ed000)]

Other Threads:
  0x00007f91ec038000 VMThread [stack: 0x000000011980b000,0x000000011990b000] [id=11011]
  0x00007f91ec814800 WatcherThread [stack: 0x000000011a06e000,0x000000011a16e000] [id=18947]

VM state:not at safepoint (normal execution)

VM Mutex/Monitor currently owned by a thread: None

Heap:
 PSYoungGen      total 3072K, used 1961K [0x00000007b5580000, 0x00000007b5980000, 0x00000007c0000000)
  eden space 2048K, 59% used [0x00000007b5580000,0x00000007b56ae5b8,0x00000007b5780000)
  from space 1024K, 73% used [0x00000007b5880000,0x00000007b593c010,0x00000007b5980000)
  to   space 1024K, 0% used [0x00000007b5780000,0x00000007b5780000,0x00000007b5880000)
 ParOldGen       total 31232K, used 645K [0x00000007a0000000, 0x00000007a1e80000, 0x00000007b5580000)
  object space 31232K, 2% used [0x00000007a0000000,0x00000007a00a1738,0x00000007a1e80000)
 Metaspace       used 5314K, capacity 5723K, committed 6016K, reserved 1056768K
  class space    used 536K, capacity 560K, committed 640K, reserved 1048576K

Card table byte_map: [0x0000000116ec4000,0x0000000116fc5000] byte_map_base: 0x00000001131c4000

Marking Bits: (ParMarkBitMap*) 0x00000001074660a0
 Begin Bits: [0x0000000117276000, 0x0000000117a76000)
 End Bits:   [0x0000000117a76000, 0x0000000118276000)

Polling page: 0x00000001067fd000

CodeCache: size=245760Kb used=1680Kb max_used=1690Kb free=244079Kb
 bounds [0x0000000107b04000, 0x0000000107d74000, 0x0000000116b04000]
 total_blobs=631 nmethods=289 adapters=258
 compilation: enabled

Compilation events (10 events):
Event: 4.456 Thread 0x00007f91ec865800  286       3       pkgfloat.PhysicsEntity::<init> (9 bytes)
Event: 4.456 Thread 0x00007f91ec865800 nmethod 286 0x0000000107ca3910 code [0x0000000107ca3a80, 0x0000000107ca3cc8]
Event: 4.456 Thread 0x00007f91ec865800  288       3       pkgfloat.Cube::<init> (9 bytes)
Event: 4.456 Thread 0x00007f91ec865800 nmethod 288 0x0000000107ca3350 code [0x0000000107ca34e0, 0x0000000107ca37b8]
Event: 4.456 Thread 0x00007f91ec865800  287       3       pkgfloat.Entity::<init> (5 bytes)
Event: 4.456 Thread 0x00007f91ec865800 nmethod 287 0x0000000107ca2f90 code [0x0000000107ca30e0, 0x0000000107ca3290]
Event: 4.456 Thread 0x00007f91ec043000  289       4       pkgfloat.PhysicsEntity::zero (71 bytes)
Event: 4.457 Thread 0x00007f91ec043000 nmethod 289 0x0000000107ca2d50 code [0x0000000107ca2e80, 0x0000000107ca2f18]
Event: 4.458 Thread 0x00007f91ec865800  290       3       java.lang.String::indexOf (7 bytes)
Event: 4.458 Thread 0x00007f91ec865800 nmethod 290 0x0000000107ca27d0 code [0x0000000107ca2940, 0x0000000107ca2bc8]

GC Heap History (10 events):
Event: 1.074 GC heap before
{Heap before GC invocations=2 (full 0):
 PSYoungGen      total 1024K, used 928K [0x00000007b5580000, 0x00000007b5700000, 0x00000007c0000000)
  eden space 512K, 100% used [0x00000007b5580000,0x00000007b5600000,0x00000007b5600000)
  from space 512K, 81% used [0x00000007b5600000,0x00000007b5668020,0x00000007b5680000)
  to   space 512K, 0% used [0x00000007b5680000,0x00000007b5680000,0x00000007b5700000)
 ParOldGen       total 31232K, used 8K [0x00000007a0000000, 0x00000007a1e80000, 0x00000007b5580000)
  object space 31232K, 0% used [0x00000007a0000000,0x00000007a0002000,0x00000007a1e80000)
 Metaspace       used 2751K, capacity 4486K, committed 4864K, reserved 1056768K
  class space    used 298K, capacity 386K, committed 512K, reserved 1048576K
Event: 1.080 GC heap after
Heap after GC invocations=2 (full 0):
 PSYoungGen      total 1024K, used 496K [0x00000007b5580000, 0x00000007b5780000, 0x00000007c0000000)
  eden space 512K, 0% used [0x00000007b5580000,0x00000007b5580000,0x00000007b5600000)
  from space 512K, 96% used [0x00000007b5680000,0x00000007b56fc010,0x00000007b5700000)
  to   space 512K, 0% used [0x00000007b5600000,0x00000007b5600000,0x00000007b5680000)
 ParOldGen       total 31232K, used 40K [0x00000007a0000000, 0x00000007a1e80000, 0x00000007b5580000)
  object space 31232K, 0% used [0x00000007a0000000,0x00000007a000a000,0x00000007a1e80000)
 Metaspace       used 2751K, capacity 4486K, committed 4864K, reserved 1056768K
  class space    used 298K, capacity 386K, committed 512K, reserved 1048576K
}
Event: 1.450 GC heap before
{Heap before GC invocations=3 (full 0):
 PSYoungGen      total 1024K, used 1008K [0x00000007b5580000, 0x00000007b5780000, 0x00000007c0000000)
  eden space 512K, 100% used [0x00000007b5580000,0x00000007b5600000,0x00000007b5600000)
  from space 512K, 96% used [0x00000007b5680000,0x00000007b56fc010,0x00000007b5700000)
  to   space 512K, 0% used [0x00000007b5600000,0x00000007b5600000,0x00000007b5680000)
 ParOldGen       total 31232K, used 40K [0x00000007a0000000, 0x00000007a1e80000, 0x00000007b5580000)
  object space 31232K, 0% used [0x00000007a0000000,0x00000007a000a000,0x00000007a1e80000)
 Metaspace       used 3036K, capacity 4664K, committed 4864K, reserved 1056768K
  class space    used 329K, capacity 424K, committed 512K, reserved 1048576K
Event: 1.453 GC heap after
Heap after GC invocations=3 (full 0):
 PSYoungGen      total 1024K, used 496K [0x00000007b5580000, 0x00000007b5780000, 0x00000007c0000000)
  eden space 512K, 0% used [0x00000007b5580000,0x00000007b5580000,0x00000007b5600000)
  from space 512K, 96% used [0x00000007b5600000,0x00000007b567c010,0x00000007b5680000)
  to   space 512K, 0% used [0x00000007b5700000,0x00000007b5700000,0x00000007b5780000)
 ParOldGen       total 31232K, used 166K [0x00000007a0000000, 0x00000007a1e80000, 0x00000007b5580000)
  object space 31232K, 0% used [0x00000007a0000000,0x00000007a0029928,0x00000007a1e80000)
 Metaspace       used 3036K, capacity 4664K, committed 4864K, reserved 1056768K
  class space    used 329K, capacity 424K, committed 512K, reserved 1048576K
}
Event: 3.460 GC heap before
{Heap before GC invocations=4 (full 0):
 PSYoungGen      total 1024K, used 1008K [0x00000007b5580000, 0x00000007b5780000, 0x00000007c0000000)
  eden space 512K, 100% used [0x00000007b5580000,0x00000007b5600000,0x00000007b5600000)
  from space 512K, 96% used [0x00000007b5600000,0x00000007b567c010,0x00000007b5680000)
  to   space 512K, 0% used [0x00000007b5700000,0x00000007b5700000,0x00000007b5780000)
 ParOldGen       total 31232K, used 166K [0x00000007a0000000, 0x00000007a1e80000, 0x00000007b5580000)
  object space 31232K, 0% used [0x00000007a0000000,0x00000007a0029928,0x00000007a1e80000)
 Metaspace       used 3940K, capacity 4768K, committed 4864K, reserved 1056768K
  class space    used 439K, capacity 464K, committed 512K, reserved 1048576K
Event: 3.477 GC heap after
Heap after GC invocations=4 (full 0):
 PSYoungGen      total 1536K, used 512K [0x00000007b5580000, 0x00000007b5780000, 0x00000007c0000000)
  eden space 1024K, 0% used [0x00000007b5580000,0x00000007b5580000,0x00000007b5680000)
  from space 512K, 100% used [0x00000007b5700000,0x00000007b5780000,0x00000007b5780000)
  to   space 512K, 0% used [0x00000007b5680000,0x00000007b5680000,0x00000007b5700000)
 ParOldGen       total 31232K, used 274K [0x00000007a0000000, 0x00000007a1e80000, 0x00000007b5580000)
  object space 31232K, 0% used [0x00000007a0000000,0x00000007a00449c0,0x00000007a1e80000)
 Metaspace       used 3940K, capacity 4768K, committed 4864K, reserved 1056768K
  class space    used 439K, capacity 464K, committed 512K, reserved 1048576K
}
Event: 3.616 GC heap before
{Heap before GC invocations=5 (full 0):
 PSYoungGen      total 1536K, used 1402K [0x00000007b5580000, 0x00000007b5780000, 0x00000007c0000000)
  eden space 1024K, 86% used [0x00000007b5580000,0x00000007b565e8e0,0x00000007b5680000)
  from space 512K, 100% used [0x00000007b5700000,0x00000007b5780000,0x00000007b5780000)
  to   space 512K, 0% used [0x00000007b5680000,0x00000007b5680000,0x00000007b5700000)
 ParOldGen       total 31232K, used 274K [0x00000007a0000000, 0x00000007a1e80000, 0x00000007b5580000)
  object space 31232K, 0% used [0x00000007a0000000,0x00000007a00449c0,0x00000007a1e80000)
 Metaspace       used 4162K, capacity 4928K, committed 5120K, reserved 1056768K
  class space    used 464K, capacity 496K, committed 512K, reserved 1048576K
Event: 3.619 GC heap after
Heap after GC invocations=5 (full 0):
 PSYoungGen      total 1536K, used 511K [0x00000007b5580000, 0x00000007b5980000, 0x00000007c0000000)
  eden space 1024K, 0% used [0x00000007b5580000,0x00000007b5580000,0x00000007b5680000)
  from space 512K, 99% used [0x00000007b5680000,0x00000007b56ffc10,0x00000007b5700000)
  to   space 1024K, 0% used [0x00000007b5880000,0x00000007b5880000,0x00000007b5980000)
 ParOldGen       total 31232K, used 645K [0x00000007a0000000, 0x00000007a1e80000, 0x00000007b5580000)
  object space 31232K, 2% used [0x00000007a0000000,0x00000007a00a1738,0x00000007a1e80000)
 Metaspace       used 4162K, capacity 4928K, committed 5120K, reserved 1056768K
  class space    used 464K, capacity 496K, committed 512K, reserved 1048576K
}
Event: 4.249 GC heap before
{Heap before GC invocations=6 (full 0):
 PSYoungGen      total 1536K, used 1535K [0x00000007b5580000, 0x00000007b5980000, 0x00000007c0000000)
  eden space 1024K, 100% used [0x00000007b5580000,0x00000007b5680000,0x00000007b5680000)
  from space 512K, 99% used [0x00000007b5680000,0x00000007b56ffc10,0x00000007b5700000)
  to   space 1024K, 0% used [0x00000007b5880000,0x00000007b5880000,0x00000007b5980000)
 ParOldGen       total 31232K, used 645K [0x00000007a0000000, 0x00000007a1e80000, 0x00000007b5580000)
  object space 31232K, 2% used [0x00000007a0000000,0x00000007a00a1738,0x00000007a1e80000)
 Metaspace       used 4760K, capacity 5499K, committed 5760K, reserved 1056768K
  class space    used 475K, capacity 528K, committed 640K, reserved 1048576K
Event: 4.264 GC heap after
Heap after GC invocations=6 (full 0):
 PSYoungGen      total 3072K, used 752K [0x00000007b5580000, 0x00000007b5980000, 0x00000007c0000000)
  eden space 2048K, 0% used [0x00000007b5580000,0x00000007b5580000,0x00000007b5780000)
  from space 1024K, 73% used [0x00000007b5880000,0x00000007b593c010,0x00000007b5980000)
  to   space 1024K, 0% used [0x00000007b5780000,0x00000007b5780000,0x00000007b5880000)
 ParOldGen       total 31232K, used 645K [0x00000007a0000000, 0x00000007a1e80000, 0x00000007b5580000)
  object space 31232K, 2% used [0x00000007a0000000,0x00000007a00a1738,0x00000007a1e80000)
 Metaspace       used 4760K, capacity 5499K, committed 5760K, reserved 1056768K
  class space    used 475K, capacity 528K, committed 640K, reserved 1048576K
}

Deoptimization events (0 events):
No events

Internal exceptions (10 events):
Event: 4.413 Thread 0x00007f91ec801000 Exception <a 'java/security/PrivilegedActionException'> (0x00000007b56493c8) thrown at [/HUDSON/workspace/8-2-build-macosx-x86_64/jdk8/2238/hotspot/src/share/vm/prims/jvm.cpp, line 1248]
Event: 4.415 Thread 0x00007f91ec801000 Exception <a 'java/security/PrivilegedActionException'> (0x00000007b56506e8) thrown at [/HUDSON/workspace/8-2-build-macosx-x86_64/jdk8/2238/hotspot/src/share/vm/prims/jvm.cpp, line 1248]
Event: 4.422 Thread 0x00007f91ec801000 Exception <a 'java/security/PrivilegedActionException'> (0x00000007b565b940) thrown at [/HUDSON/workspace/8-2-build-macosx-x86_64/jdk8/2238/hotspot/src/share/vm/prims/jvm.cpp, line 1248]
Event: 4.426 Thread 0x00007f91ec801000 Exception <a 'java/security/PrivilegedActionException'> (0x00000007b5669278) thrown at [/HUDSON/workspace/8-2-build-macosx-x86_64/jdk8/2238/hotspot/src/share/vm/prims/jvm.cpp, line 1248]
Event: 4.432 Thread 0x00007f91ec801000 Exception <a 'java/security/PrivilegedActionException'> (0x00000007b566e1c8) thrown at [/HUDSON/workspace/8-2-build-macosx-x86_64/jdk8/2238/hotspot/src/share/vm/prims/jvm.cpp, line 1248]
Event: 4.437 Thread 0x00007f91ec801000 Exception <a 'java/security/PrivilegedActionException'> (0x00000007b5676f50) thrown at [/HUDSON/workspace/8-2-build-macosx-x86_64/jdk8/2238/hotspot/src/share/vm/prims/jvm.cpp, line 1248]
Event: 4.438 Thread 0x00007f91ec801000 Exception <a 'java/security/PrivilegedActionException'> (0x00000007b567a6e0) thrown at [/HUDSON/workspace/8-2-build-macosx-x86_64/jdk8/2238/hotspot/src/share/vm/prims/jvm.cpp, line 1248]
Event: 4.444 Thread 0x00007f91ec801000 Exception <a 'java/security/PrivilegedActionException'> (0x00000007b5685cb0) thrown at [/HUDSON/workspace/8-2-build-macosx-x86_64/jdk8/2238/hotspot/src/share/vm/prims/jvm.cpp, line 1248]
Event: 4.457 Thread 0x00007f91ec801000 Exception <a 'java/security/PrivilegedActionException'> (0x00000007b56a8a18) thrown at [/HUDSON/workspace/8-2-build-macosx-x86_64/jdk8/2238/hotspot/src/share/vm/prims/jvm.cpp, line 1248]
Event: 4.460 Thread 0x00007f91ec801000 Exception <a 'java/security/PrivilegedActionException'> (0x00000007b56ab118) thrown at [/HUDSON/workspace/8-2-build-macosx-x86_64/jdk8/2238/hotspot/src/share/vm/prims/jvm.cpp, line 1248]

Events (10 events):
Event: 4.434 loading class pkgfloat/BddapGraphics
Event: 4.434 loading class pkgfloat/BddapGraphics done
Event: 4.438 loading class org/lwjgl/opengl/GL15
Event: 4.438 loading class org/lwjgl/opengl/GL15 done
Event: 4.443 loading class pkgfloat/Cube
Event: 4.443 loading class pkgfloat/Cube done
Event: 4.457 loading class pkgfloat/Timer
Event: 4.457 loading class pkgfloat/Timer done
Event: 4.460 loading class pkgfloat/Input
Event: 4.460 loading class pkgfloat/Input done


Dynamic libraries:
0x0000000002edb000 	/System/Library/Frameworks/Cocoa.framework/Versions/A/Cocoa
0x0000000002edb000 	/System/Library/Frameworks/Security.framework/Versions/A/Security
0x0000000002edb000 	/System/Library/Frameworks/ApplicationServices.framework/Versions/A/ApplicationServices
0x0000000002edb000 	/usr/lib/libz.1.dylib
0x0000000002edb000 	/usr/lib/libSystem.B.dylib
0x0000000002edb000 	/usr/lib/libobjc.A.dylib
0x0000000002edb000 	/System/Library/Frameworks/CoreFoundation.framework/Versions/A/CoreFoundation
0x0000000002edb000 	/System/Library/Frameworks/Foundation.framework/Versions/C/Foundation
0x0000000002edb000 	/System/Library/Frameworks/AppKit.framework/Versions/C/AppKit
0x0000000002edb000 	/System/Library/Frameworks/CoreData.framework/Versions/A/CoreData
0x0000000002edb000 	/System/Library/PrivateFrameworks/RemoteViewServices.framework/Versions/A/RemoteViewServices
0x0000000002edb000 	/System/Library/Frameworks/AudioToolbox.framework/Versions/A/AudioToolbox
0x0000000002edb000 	/System/Library/Frameworks/AudioUnit.framework/Versions/A/AudioUnit
0x0000000002edb000 	/System/Library/PrivateFrameworks/DataDetectorsCore.framework/Versions/A/DataDetectorsCore
0x0000000002edb000 	/System/Library/PrivateFrameworks/DesktopServicesPriv.framework/Versions/A/DesktopServicesPriv
0x0000000002edb000 	/System/Library/Frameworks/Carbon.framework/Versions/A/Frameworks/HIToolbox.framework/Versions/A/HIToolbox
0x0000000002edb000 	/System/Library/Frameworks/QuartzCore.framework/Versions/A/QuartzCore
0x0000000002edb000 	/System/Library/Frameworks/Carbon.framework/Versions/A/Frameworks/SpeechRecognition.framework/Versions/A/SpeechRecognition
0x0000000002edb000 	/usr/lib/libauto.dylib
0x0000000002edb000 	/usr/lib/libicucore.A.dylib
0x0000000002edb000 	/usr/lib/libxml2.2.dylib
0x0000000002edb000 	/System/Library/PrivateFrameworks/CoreUI.framework/Versions/A/CoreUI
0x0000000002edb000 	/System/Library/Frameworks/CoreAudio.framework/Versions/A/CoreAudio
0x0000000002edb000 	/System/Library/Frameworks/DiskArbitration.framework/Versions/A/DiskArbitration
0x0000000002edb000 	/usr/lib/liblangid.dylib
0x0000000002edb000 	/System/Library/PrivateFrameworks/MultitouchSupport.framework/Versions/A/MultitouchSupport
0x0000000002edb000 	/System/Library/Frameworks/IOKit.framework/Versions/A/IOKit
0x0000000002edb000 	/usr/lib/libDiagnosticMessagesClient.dylib
0x0000000002edb000 	/System/Library/Frameworks/CoreServices.framework/Versions/A/CoreServices
0x0000000002edb000 	/System/Library/PrivateFrameworks/PerformanceAnalysis.framework/Versions/A/PerformanceAnalysis
0x0000000002edb000 	/System/Library/PrivateFrameworks/GenerationalStorage.framework/Versions/A/GenerationalStorage
0x0000000002edb000 	/System/Library/Frameworks/OpenGL.framework/Versions/A/OpenGL
0x0000000002edb000 	/System/Library/PrivateFrameworks/Sharing.framework/Versions/A/Sharing
0x0000000002edb000 	/System/Library/Frameworks/ImageIO.framework/Versions/A/ImageIO
0x0000000002edb000 	/System/Library/Frameworks/CoreText.framework/Versions/A/CoreText
0x0000000002edb000 	/System/Library/Frameworks/CoreGraphics.framework/Versions/A/CoreGraphics
0x0000000002edb000 	/System/Library/PrivateFrameworks/Backup.framework/Versions/A/Backup
0x0000000002edb000 	/System/Library/Frameworks/CFNetwork.framework/Versions/A/CFNetwork
0x0000000002edb000 	/System/Library/Frameworks/SystemConfiguration.framework/Versions/A/SystemConfiguration
0x0000000002edb000 	/usr/lib/libCRFSuite.dylib
0x0000000002edb000 	/usr/lib/libc++.1.dylib
0x0000000002edb000 	/usr/lib/libc++abi.dylib
0x0000000002edb000 	/usr/lib/system/libcache.dylib
0x0000000002edb000 	/usr/lib/system/libcommonCrypto.dylib
0x0000000002edb000 	/usr/lib/system/libcompiler_rt.dylib
0x0000000002edb000 	/usr/lib/system/libcopyfile.dylib
0x0000000002edb000 	/usr/lib/system/libcorecrypto.dylib
0x0000000002edb000 	/usr/lib/system/libdispatch.dylib
0x0000000002edb000 	/usr/lib/system/libdyld.dylib
0x0000000002edb000 	/usr/lib/system/libkeymgr.dylib
0x0000000002edb000 	/usr/lib/system/liblaunch.dylib
0x0000000002edb000 	/usr/lib/system/libmacho.dylib
0x0000000002edb000 	/usr/lib/system/libquarantine.dylib
0x0000000002edb000 	/usr/lib/system/libremovefile.dylib
0x0000000002edb000 	/usr/lib/system/libsystem_asl.dylib
0x0000000002edb000 	/usr/lib/system/libsystem_blocks.dylib
0x0000000002edb000 	/usr/lib/system/libsystem_c.dylib
0x0000000002edb000 	/usr/lib/system/libsystem_configuration.dylib
0x0000000002edb000 	/usr/lib/system/libsystem_dnssd.dylib
0x0000000002edb000 	/usr/lib/system/libsystem_info.dylib
0x0000000002edb000 	/usr/lib/system/libsystem_kernel.dylib
0x0000000002edb000 	/usr/lib/system/libsystem_m.dylib
0x0000000002edb000 	/usr/lib/system/libsystem_malloc.dylib
0x0000000002edb000 	/usr/lib/system/libsystem_network.dylib
0x0000000002edb000 	/usr/lib/system/libsystem_notify.dylib
0x0000000002edb000 	/usr/lib/system/libsystem_platform.dylib
0x0000000002edb000 	/usr/lib/system/libsystem_pthread.dylib
0x0000000002edb000 	/usr/lib/system/libsystem_sandbox.dylib
0x0000000002edb000 	/usr/lib/system/libsystem_stats.dylib
0x0000000002edb000 	/usr/lib/system/libunc.dylib
0x0000000002edb000 	/usr/lib/system/libunwind.dylib
0x0000000002edb000 	/usr/lib/system/libxpc.dylib
0x0000000002edb000 	/usr/lib/libbsm.0.dylib
0x0000000002edb000 	/usr/lib/libsqlite3.dylib
0x0000000002edb000 	/usr/lib/libxar.1.dylib
0x0000000002edb000 	/usr/lib/libpam.2.dylib
0x0000000002edb000 	/usr/lib/libOpenScriptingUtil.dylib
0x0000000002edb000 	/usr/lib/libbz2.1.0.dylib
0x0000000002edb000 	/System/Library/Frameworks/CoreServices.framework/Versions/A/Frameworks/CarbonCore.framework/Versions/A/CarbonCore
0x0000000002edb000 	/System/Library/Frameworks/CoreServices.framework/Versions/A/Frameworks/Metadata.framework/Versions/A/Metadata
0x0000000002edb000 	/System/Library/Frameworks/CoreServices.framework/Versions/A/Frameworks/OSServices.framework/Versions/A/OSServices
0x0000000002edb000 	/System/Library/Frameworks/CoreServices.framework/Versions/A/Frameworks/SearchKit.framework/Versions/A/SearchKit
0x0000000002edb000 	/System/Library/Frameworks/CoreServices.framework/Versions/A/Frameworks/AE.framework/Versions/A/AE
0x0000000002edb000 	/System/Library/Frameworks/CoreServices.framework/Versions/A/Frameworks/LaunchServices.framework/Versions/A/LaunchServices
0x0000000002edb000 	/System/Library/Frameworks/CoreServices.framework/Versions/A/Frameworks/DictionaryServices.framework/Versions/A/DictionaryServices
0x0000000002edb000 	/System/Library/Frameworks/NetFS.framework/Versions/A/NetFS
0x0000000002edb000 	/usr/lib/system/libkxld.dylib
0x0000000002edb000 	/System/Library/PrivateFrameworks/NetAuth.framework/Versions/A/NetAuth
0x0000000002edb000 	/System/Library/PrivateFrameworks/TCC.framework/Versions/A/TCC
0x0000000002edb000 	/System/Library/Frameworks/OpenDirectory.framework/Versions/A/Frameworks/CFOpenDirectory.framework/Versions/A/CFOpenDirectory
0x0000000002edb000 	/System/Library/Frameworks/ServiceManagement.framework/Versions/A/ServiceManagement
0x0000000002edb000 	/usr/lib/libxslt.1.dylib
0x0000000002edb000 	/System/Library/Frameworks/Carbon.framework/Versions/A/Frameworks/Ink.framework/Versions/A/Ink
0x0000000002edb000 	/System/Library/Frameworks/ApplicationServices.framework/Versions/A/Frameworks/ATS.framework/Versions/A/ATS
0x0000000002edb000 	/System/Library/Frameworks/ApplicationServices.framework/Versions/A/Frameworks/ColorSync.framework/Versions/A/ColorSync
0x0000000002edb000 	/System/Library/Frameworks/ApplicationServices.framework/Versions/A/Frameworks/HIServices.framework/Versions/A/HIServices
0x0000000002edb000 	/System/Library/Frameworks/ApplicationServices.framework/Versions/A/Frameworks/LangAnalysis.framework/Versions/A/LangAnalysis
0x0000000002edb000 	/System/Library/Frameworks/ApplicationServices.framework/Versions/A/Frameworks/PrintCore.framework/Versions/A/PrintCore
0x0000000002edb000 	/System/Library/Frameworks/ApplicationServices.framework/Versions/A/Frameworks/QD.framework/Versions/A/QD
0x0000000002edb000 	/System/Library/Frameworks/ApplicationServices.framework/Versions/A/Frameworks/SpeechSynthesis.framework/Versions/A/SpeechSynthesis
0x0000000002edb000 	/System/Library/Frameworks/IOSurface.framework/Versions/A/IOSurface
0x0000000002edb000 	/System/Library/Frameworks/Accelerate.framework/Versions/A/Accelerate
0x0000000002edb000 	/System/Library/Frameworks/Accelerate.framework/Versions/A/Frameworks/vImage.framework/Versions/A/vImage
0x0000000002edb000 	/System/Library/Frameworks/Accelerate.framework/Versions/A/Frameworks/vecLib.framework/Versions/A/vecLib
0x0000000002edb000 	/System/Library/Frameworks/Accelerate.framework/Versions/A/Frameworks/vecLib.framework/Versions/A/libvDSP.dylib
0x0000000002edb000 	/System/Library/Frameworks/Accelerate.framework/Versions/A/Frameworks/vecLib.framework/Versions/A/libvMisc.dylib
0x0000000002edb000 	/System/Library/Frameworks/Accelerate.framework/Versions/A/Frameworks/vecLib.framework/Versions/A/libLAPACK.dylib
0x0000000002edb000 	/System/Library/Frameworks/Accelerate.framework/Versions/A/Frameworks/vecLib.framework/Versions/A/libBLAS.dylib
0x0000000002edb000 	/System/Library/Frameworks/ApplicationServices.framework/Versions/A/Frameworks/ATS.framework/Versions/A/Resources/libFontParser.dylib
0x0000000002edb000 	/System/Library/Frameworks/ApplicationServices.framework/Versions/A/Frameworks/ATS.framework/Versions/A/Resources/libFontRegistry.dylib
0x0000000002edb000 	/System/Library/Frameworks/ImageIO.framework/Versions/A/Resources/libJPEG.dylib
0x0000000002edb000 	/System/Library/Frameworks/ImageIO.framework/Versions/A/Resources/libTIFF.dylib
0x0000000002edb000 	/System/Library/Frameworks/ImageIO.framework/Versions/A/Resources/libPng.dylib
0x0000000002edb000 	/System/Library/Frameworks/ImageIO.framework/Versions/A/Resources/libGIF.dylib
0x0000000002edb000 	/System/Library/Frameworks/ImageIO.framework/Versions/A/Resources/libJP2.dylib
0x0000000002edb000 	/System/Library/Frameworks/ImageIO.framework/Versions/A/Resources/libRadiance.dylib
0x0000000002edb000 	/usr/lib/libcups.2.dylib
0x0000000002edb000 	/System/Library/Frameworks/Kerberos.framework/Versions/A/Kerberos
0x0000000002edb000 	/System/Library/Frameworks/GSS.framework/Versions/A/GSS
0x0000000002edb000 	/usr/lib/libresolv.9.dylib
0x0000000002edb000 	/usr/lib/libiconv.2.dylib
0x0000000002edb000 	/System/Library/PrivateFrameworks/Heimdal.framework/Versions/A/Heimdal
0x0000000002edb000 	/System/Library/PrivateFrameworks/TrustEvaluationAgent.framework/Versions/A/TrustEvaluationAgent
0x0000000002edb000 	/usr/lib/libheimdal-asn1.dylib
0x0000000002edb000 	/System/Library/Frameworks/OpenDirectory.framework/Versions/A/OpenDirectory
0x0000000002edb000 	/System/Library/PrivateFrameworks/CommonAuth.framework/Versions/A/CommonAuth
0x0000000002edb000 	/System/Library/Frameworks/SecurityFoundation.framework/Versions/A/SecurityFoundation
0x0000000002edb000 	/System/Library/PrivateFrameworks/Bom.framework/Versions/A/Bom
0x0000000002edb000 	/System/Library/Frameworks/CoreVideo.framework/Versions/A/CoreVideo
0x0000000002edb000 	/System/Library/Frameworks/QuartzCore.framework/Versions/A/Frameworks/CoreImage.framework/Versions/A/CoreImage
0x0000000002edb000 	/System/Library/Frameworks/QuartzCore.framework/Versions/A/Frameworks/ScalableUserInterface.framework/Versions/A/ScalableUserInterface
0x0000000002edb000 	/System/Library/Frameworks/OpenGL.framework/Versions/A/Libraries/libGLU.dylib
0x0000000002edb000 	/System/Library/Frameworks/OpenGL.framework/Versions/A/Libraries/libGFXShared.dylib
0x0000000002edb000 	/System/Library/Frameworks/OpenGL.framework/Versions/A/Libraries/libGL.dylib
0x0000000002edb000 	/System/Library/Frameworks/OpenGL.framework/Versions/A/Libraries/libGLImage.dylib
0x0000000002edb000 	/System/Library/Frameworks/OpenGL.framework/Versions/A/Libraries/libCVMSPluginSupport.dylib
0x0000000002edb000 	/System/Library/Frameworks/OpenGL.framework/Versions/A/Libraries/libCoreVMClient.dylib
0x0000000002edb000 	/System/Library/PrivateFrameworks/FaceCore.framework/Versions/A/FaceCore
0x0000000002edb000 	/System/Library/PrivateFrameworks/CrashReporterSupport.framework/Versions/A/CrashReporterSupport
0x0000000002edb000 	/System/Library/Frameworks/OpenCL.framework/Versions/A/OpenCL
0x0000000002edb000 	/System/Library/PrivateFrameworks/AppleFSCompression.framework/Versions/A/AppleFSCompression
0x0000000002edb000 	/System/Library/PrivateFrameworks/Ubiquity.framework/Versions/A/Ubiquity
0x0000000002edb000 	/System/Library/PrivateFrameworks/IconServices.framework/Versions/A/IconServices
0x0000000002edb000 	/System/Library/PrivateFrameworks/ChunkingLibrary.framework/Versions/A/ChunkingLibrary
0x0000000002edb000 	/System/Library/PrivateFrameworks/CoreSymbolication.framework/Versions/A/CoreSymbolication
0x0000000002edb000 	/System/Library/PrivateFrameworks/Symbolication.framework/Versions/A/Symbolication
0x0000000002edb000 	/System/Library/PrivateFrameworks/DebugSymbols.framework/Versions/A/DebugSymbols
0x0000000106c00000 	/Library/Java/JavaVirtualMachines/jdk1.8.0.jdk/Contents/Home/jre/lib/server/libjvm.dylib
0x0000000002edb000 	/usr/lib/libstdc++.6.dylib
0x00000001067ef000 	/Library/Java/JavaVirtualMachines/jdk1.8.0.jdk/Contents/Home/jre/lib/libverify.dylib
0x0000000107abf000 	/Library/Java/JavaVirtualMachines/jdk1.8.0.jdk/Contents/Home/jre/lib/libjava.dylib
0x0000000107afb000 	/Library/Java/JavaVirtualMachines/jdk1.8.0.jdk/Contents/Home/jre/lib/libzip.dylib
0x0000000119b13000 	/System/Library/Frameworks/JavaVM.framework/Frameworks/JavaRuntimeSupport.framework/JavaRuntimeSupport
0x0000000119b2b000 	/System/Library/Frameworks/JavaVM.framework/Versions/A/Frameworks/JavaNativeFoundation.framework/Versions/A/JavaNativeFoundation
0x0000000119b40000 	/System/Library/Frameworks/JavaVM.framework/Versions/A/JavaVM
0x0000000002edb000 	/System/Library/Frameworks/Carbon.framework/Versions/A/Carbon
0x0000000119b4d000 	/System/Library/PrivateFrameworks/JavaLaunching.framework/Versions/A/JavaLaunching
0x0000000002edb000 	/System/Library/Frameworks/Carbon.framework/Versions/A/Frameworks/CommonPanels.framework/Versions/A/CommonPanels
0x0000000002edb000 	/System/Library/Frameworks/Carbon.framework/Versions/A/Frameworks/Help.framework/Versions/A/Help
0x0000000002edb000 	/System/Library/Frameworks/Carbon.framework/Versions/A/Frameworks/ImageCapture.framework/Versions/A/ImageCapture
0x0000000002edb000 	/System/Library/Frameworks/Carbon.framework/Versions/A/Frameworks/OpenScripting.framework/Versions/A/OpenScripting
0x0000000002edb000 	/System/Library/Frameworks/Carbon.framework/Versions/A/Frameworks/Print.framework/Versions/A/Print
0x0000000002edb000 	/System/Library/Frameworks/Carbon.framework/Versions/A/Frameworks/SecurityHI.framework/Versions/A/SecurityHI
0x000000011a1d5000 	/Library/Java/JavaVirtualMachines/jdk1.8.0.jdk/Contents/Home/jre/lib/libawt.dylib
0x000000011a284000 	/Library/Java/JavaVirtualMachines/jdk1.8.0.jdk/Contents/Home/jre/lib/./libmlib_image.dylib
0x000000011a350000 	/Library/Java/JavaVirtualMachines/jdk1.8.0.jdk/Contents/Home/jre/lib/libawt_lwawt.dylib
0x000000011a402000 	/Library/Java/JavaVirtualMachines/jdk1.8.0.jdk/Contents/Home/jre/lib/./libosxapp.dylib
0x0000000002edb000 	/System/Library/Frameworks/ExceptionHandling.framework/Versions/A/ExceptionHandling
0x0000000002edb000 	/System/Library/PrivateFrameworks/CoreServicesInternal.framework/Versions/A/CoreServicesInternal
0x0000000002edb000 	/System/Library/PrivateFrameworks/Librarian.framework/Versions/A/Librarian
0x0000000002edb000 	/System/Library/Frameworks/CoreGraphics.framework/Versions/A/Resources/libCGCMS.A.dylib
0x0000000002edb000 	/System/Library/Frameworks/CoreGraphics.framework/Versions/A/Resources/libRIP.A.dylib
0x0000000002edb000 	/System/Library/Frameworks/CoreGraphics.framework/Versions/A/Resources/libCGXType.A.dylib
0x0000000002edb000 	/System/Library/PrivateFrameworks/FamilyControls.framework/Versions/A/FamilyControls
0x0000000002edb000 	/System/Library/PrivateFrameworks/CommerceKit.framework/Versions/A/Frameworks/CommerceCore.framework/Versions/A/CommerceCore
0x0000000002edb000 	/System/Library/PrivateFrameworks/SystemAdministration.framework/Versions/A/SystemAdministration
0x0000000002edb000 	/System/Library/Frameworks/DirectoryService.framework/Versions/A/DirectoryService
0x0000000002edb000 	/System/Library/PrivateFrameworks/DiskImages.framework/Versions/A/DiskImages
0x0000000002edb000 	/System/Library/PrivateFrameworks/LoginUIKit.framework/Versions/A/Frameworks/LoginUICore.framework/Versions/A/LoginUICore
0x0000000002edb000 	/usr/lib/libCoreStorage.dylib
0x0000000002edb000 	/usr/lib/libcsfde.dylib
0x0000000002edb000 	/usr/lib/libodfde.dylib
0x0000000002edb000 	/System/Library/Frameworks/DiscRecording.framework/Versions/A/DiscRecording
0x0000000002edb000 	/usr/lib/libcurl.4.dylib
0x0000000002edb000 	/System/Library/PrivateFrameworks/MediaKit.framework/Versions/A/MediaKit
0x0000000002edb000 	/System/Library/PrivateFrameworks/EFILogin.framework/Versions/A/EFILogin
0x0000000002edb000 	/usr/lib/libutil.dylib
0x0000000002edb000 	/System/Library/PrivateFrameworks/AOSNotification.framework/Versions/A/AOSNotification
0x0000000002edb000 	/System/Library/Frameworks/LDAP.framework/Versions/A/LDAP
0x0000000002edb000 	/usr/lib/libsasl2.2.dylib
0x0000000002edb000 	/usr/lib/libcrypto.0.9.8.dylib
0x0000000002edb000 	/usr/lib/libssl.0.9.8.dylib
0x000000011e4db000 	/Library/Java/JavaVirtualMachines/jdk1.8.0.jdk/Contents/Home/jre/lib/libfontmanager.dylib
0x000000011e541000 	/Users/bddap/NetBeansProjects/float/dist/native/all/liblwjgl.jnilib
0x000000011cc04000 	/Library/Java/JavaVirtualMachines/jdk1.8.0.jdk/Contents/Home/jre/lib/libjawt.dylib
0x0000000002edb000 	/System/Library/Frameworks/OpenGL.framework/Versions/A/Resources/GLEngine.bundle/GLEngine
0x0000000002edb000 	/System/Library/Frameworks/OpenGL.framework/Versions/A/Libraries/libGLProgrammability.dylib
0x0000000000000000 	/System/Library/Extensions/GeForceTeslaGLDriver.bundle/Contents/MacOS/GeForceTeslaGLDriver
0x000000011e5c0000 	/System/Library/Extensions/GeForceTeslaGLDriver.bundle/Contents/MacOS/libclh.dylib
0x000000011cc07000 	/System/Library/PrivateFrameworks/GPUSupport.framework/Versions/A/Libraries/libGPUSupport.dylib
0x0000000002edb000 	/System/Library/Frameworks/OpenGL.framework/Versions/A/Resources/GLRendererFloat.bundle/GLRendererFloat
0x0000000002edb000 	/System/Library/Frameworks/OpenCL.framework/Versions/A/Libraries/libcldcpuengine.dylib
0x000000011f1ea000 	cl_kernels
0x000000011f1ec000 	/System/Library/Frameworks/OpenCL.framework/Versions/A/Libraries/ImageFormats/unorm8_bgra.dylib
0x000000011f1de000 	cl_kernels

VM Arguments:
jvm_args: -Dfile.encoding=UTF-8 -Djava.library.path=dist/native/all 
java_command: pkgfloat.Float
java_class_path (initial): /Users/bddap/NetBeansProjects/float/lib/jinput.jar:/Users/bddap/NetBeansProjects/float/lib/lwjgl.jar:/Users/bddap/NetBeansProjects/float/lib/lwjgl_util.jar:/Users/bddap/NetBeansProjects/float/lib/slick-util.jar:/Users/bddap/NetBeansProjects/float/build/classes
Launcher Type: SUN_STANDARD

Environment Variables:
PATH=/usr/bin:/bin:/usr/sbin:/sbin
LD_LIBRARY_PATH=/Library/Java/JavaVirtualMachines/jdk1.8.0.jdk/Contents/Home/jre/lib/amd64:/Library/Java/JavaVirtualMachines/jdk1.8.0.jdk/Contents/Home/jre/lib/i386:
SHELL=/bin/bash
DISPLAY=/tmp/launch-yfwbtW/org.macosforge.xquartz:0
DYLD_LIBRARY_PATH=/Applications/NetBeans/NetBeans 8.0.app/Contents/Resources/NetBeans/webcommon/bin:

Signal Handlers:
SIGSEGV: [libjvm.dylib+0x55faef], sa_mask[0]=0xfffefeff, sa_flags=0x00000043
SIGBUS: [libjvm.dylib+0x55faef], sa_mask[0]=0xfffefeff, sa_flags=0x00000042
SIGFPE: [libjvm.dylib+0x44305a], sa_mask[0]=0xfffefeff, sa_flags=0x00000042
SIGPIPE: [libjvm.dylib+0x44305a], sa_mask[0]=0xfffefeff, sa_flags=0x00000042
SIGXFSZ: [libjvm.dylib+0x44305a], sa_mask[0]=0xfffefeff, sa_flags=0x00000042
SIGILL: [libjvm.dylib+0x44305a], sa_mask[0]=0xfffefeff, sa_flags=0x00000042
SIGUSR1: SIG_DFL, sa_mask[0]=0x00000000, sa_flags=0x00000002
SIGUSR2: [libjvm.dylib+0x442b78], sa_mask[0]=0x00000004, sa_flags=0x00000042
SIGHUP: [libjvm.dylib+0x440f05], sa_mask[0]=0xfffefeff, sa_flags=0x00000042
SIGINT: SIG_IGN, sa_mask[0]=0x00000000, sa_flags=0x00000000
SIGTERM: [libjvm.dylib+0x440f05], sa_mask[0]=0xfffefeff, sa_flags=0x00000042
SIGQUIT: [libjvm.dylib+0x440f05], sa_mask[0]=0xfffefeff, sa_flags=0x00000042


---------------  S Y S T E M  ---------------

OS:Bsduname:Darwin 13.4.0 Darwin Kernel Version 13.4.0: Sun Aug 17 19:50:11 PDT 2014; root:xnu-2422.115.4~1/RELEASE_X86_64 x86_64
rlimit: STACK 8192k, CORE 0k, NPROC 266, NOFILE 10240, AS infinity
load average:5.43 4.78 3.89

CPU:total 2 (2 cores per cpu, 1 threads per core) family 6 model 23 stepping 10, cmov, cx8, fxsr, mmx, sse, sse2, sse3, ssse3, sse4.1, tsc

Memory: 4k page, physical 2097152k(16076k free)

/proc/meminfo:


vm_info: Java HotSpot(TM) 64-Bit Server VM (25.0-b70) for bsd-amd64 JRE (1.8.0-b132), built on Mar  4 2014 03:11:43 by "java_re" with gcc 4.2.1 (Based on Apple Inc. build 5658) (LLVM build 2336.11.00)

time: Tue Nov 11 16:25:21 2014
elapsed time: 4 seconds

